<?xml version="1.0" encoding="UTF-8"?>
<coverage generated="1737006332355" clover="3.2.0">
  <project timestamp="1737006332355" name="All files">
    <metrics statements="20" coveredstatements="8" conditionals="16" coveredconditionals="10" methods="5" coveredmethods="1" elements="41" coveredelements="19" complexity="0" loc="20" ncloc="20" packages="2" files="2" classes="2"/>
    <package name="src">
      <metrics statements="11" coveredstatements="0" conditionals="6" coveredconditionals="0" methods="3" coveredmethods="0"/>
      <file name="App.vue" path="/Users/Pirate/ben-git/vue-study/Vue-Testing/vue3-vite-js-vuxt-jest-vtu/src/App.vue">
        <metrics statements="11" coveredstatements="0" conditionals="6" coveredconditionals="0" methods="3" coveredmethods="0"/>
        <line num="7" count="0" type="stmt"/>
        <line num="8" count="0" type="stmt"/>
        <line num="11" count="0" type="stmt"/>
        <line num="15" count="0" type="stmt"/>
        <line num="20" count="0" type="stmt"/>
        <line num="23" count="0" type="stmt"/>
        <line num="24" count="0" type="stmt"/>
        <line num="25" count="0" type="stmt"/>
        <line num="26" count="0" type="cond" truecount="0" falsecount="4"/>
        <line num="28" count="0" type="cond" truecount="0" falsecount="2"/>
        <line num="45" count="0" type="stmt"/>
      </file>
    </package>
    <package name="src.components">
      <metrics statements="9" coveredstatements="8" conditionals="10" coveredconditionals="10" methods="2" coveredmethods="1"/>
      <file name="HelloWorld.vue" path="/Users/Pirate/ben-git/vue-study/Vue-Testing/vue3-vite-js-vuxt-jest-vtu/src/components/HelloWorld.vue">
        <metrics statements="9" coveredstatements="8" conditionals="10" coveredconditionals="10" methods="2" coveredmethods="1"/>
        <line num="4" count="1" type="stmt"/>
        <line num="7" count="1" type="stmt"/>
        <line num="45" count="1" type="stmt"/>
        <line num="48" count="1" type="stmt"/>
        <line num="49" count="1" type="stmt"/>
        <line num="50" count="1" type="stmt"/>
        <line num="54" count="1" type="stmt"/>
        <line num="57" count="0" type="stmt"/>
        <line num="68" count="1" type="stmt"/>
      </file>
    </package>
  </project>
</coverage>
