{"/Users/Pirate/ben-git/vue-study/Vue-Testing/vue3-vite-js-vuxt-jest-vtu/src/App.vue": {"path":"/Users/Pirate/ben-git/vue-study/Vue-Testing/vue3-vite-js-vuxt-jest-vtu/src/App.vue","statementMap":{"0":{"start":{"line":7,"column":4},"end":{"line":7,"column":15}},"1":{"start":{"line":8,"column":25},"end":{"line":10,"column":5}},"2":{"start":{"line":11,"column":4},"end":{"line":14,"column":7}},"3":{"start":{"line":15,"column":4},"end":{"line":15,"column":24}},"4":{"start":{"line":20,"column":0},"end":{"line":22,"column":3}},"5":{"start":{"line":23,"column":0},"end":{"line":23,"column":24}},"6":{"start":{"line":24,"column":11},"end":{"line":24,"column":25}},"7":{"start":{"line":25,"column":12},"end":{"line":25,"column":63}},"8":{"start":{"line":26,"column":37},"end":{"line":26,"column":85}},"9":{"start":{"line":28,"column":2},"end":{"line":44,"column":33}},"10":{"start":{"line":45,"column":2},"end":{"line":45,"column":49}}},"fnMap":{"0":{"name":"(anonymous_0)","decl":{"start":{"line":4,"column":2},"end":{"line":4,"column":3}},"loc":{"start":{"line":6,"column":5},"end":{"line":16,"column":3}},"line":6},"1":{"name":"_interopRequireDefault","decl":{"start":{"line":26,"column":9},"end":{"line":26,"column":31}},"loc":{"start":{"line":26,"column":35},"end":{"line":26,"column":87}},"line":26},"2":{"name":"render","decl":{"start":{"line":27,"column":9},"end":{"line":27,"column":15}},"loc":{"start":{"line":27,"column":63},"end":{"line":45,"column":1}},"line":27}},"branchMap":{"0":{"loc":{"start":{"line":26,"column":44},"end":{"line":26,"column":84}},"type":"cond-expr","locations":[{"start":{"line":26,"column":64},"end":{"line":26,"column":65}},{"start":{"line":26,"column":68},"end":{"line":26,"column":84}}],"line":26},"1":{"loc":{"start":{"line":26,"column":44},"end":{"line":26,"column":61}},"type":"binary-expr","locations":[{"start":{"line":26,"column":44},"end":{"line":26,"column":45}},{"start":{"line":26,"column":49},"end":{"line":26,"column":61}}],"line":26},"2":{"loc":{"start":{"line":28,"column":83},"end":{"line":42,"column":27}},"type":"binary-expr","locations":[{"start":{"line":28,"column":83},"end":{"line":28,"column":92}},{"start":{"line":28,"column":97},"end":{"line":42,"column":26}}],"line":28}},"s":{"0":0,"1":0,"2":0,"3":0,"4":0,"5":0,"6":0,"7":0,"8":0,"9":0,"10":0},"f":{"0":0,"1":0,"2":0},"b":{"0":[0,0],"1":[0,0],"2":[0,0]},"inputSourceMap":{"0":"{","1":"\"","2":"v","3":"e","4":"r","5":"s","6":"i","7":"o","8":"n","9":"\"","10":":","11":"3","12":",","13":"\"","14":"s","15":"o","16":"u","17":"r","18":"c","19":"e","20":"s","21":"\"","22":":","23":"[","24":"\"","25":"/","26":"U","27":"s","28":"e","29":"r","30":"s","31":"/","32":"P","33":"i","34":"r","35":"a","36":"t","37":"e","38":"/","39":"b","40":"e","41":"n","42":"-","43":"g","44":"i","45":"t","46":"/","47":"v","48":"u","49":"e","50":"-","51":"s","52":"t","53":"u","54":"d","55":"y","56":"/","57":"V","58":"u","59":"e","60":"-","61":"T","62":"e","63":"s","64":"t","65":"i","66":"n","67":"g","68":"/","69":"v","70":"u","71":"e","72":"3","73":"-","74":"v","75":"i","76":"t","77":"e","78":"-","79":"j","80":"s","81":"-","82":"v","83":"u","84":"x","85":"t","86":"-","87":"j","88":"e","89":"s","90":"t","91":"-","92":"v","93":"t","94":"u","95":"/","96":"s","97":"r","98":"c","99":"/","100":"A","101":"p","102":"p","103":".","104":"v","105":"u","106":"e","107":"\"","108":"]","109":",","110":"\"","111":"n","112":"a","113":"m","114":"e","115":"s","116":"\"","117":":","118":"[","119":"]","120":",","121":"\"","122":"m","123":"a","124":"p","125":"p","126":"i","127":"n","128":"g","129":"s","130":"\"","131":":","132":"\"","133":"A","134":"A","135":"C","136":"A","137":",","138":"O","139":"A","140":"A","141":"O","142":",","143":"U","144":"A","145":"A","146":"U","147":",","148":"M","149":"A","150":"A","151":"M","152":",","153":"6","154":"B","155":"A","156":"A","157":"6","158":"B","159":"\"","160":",","161":"\"","162":"f","163":"i","164":"l","165":"e","166":"\"","167":":","168":"\"","169":"/","170":"U","171":"s","172":"e","173":"r","174":"s","175":"/","176":"P","177":"i","178":"r","179":"a","180":"t","181":"e","182":"/","183":"b","184":"e","185":"n","186":"-","187":"g","188":"i","189":"t","190":"/","191":"v","192":"u","193":"e","194":"-","195":"s","196":"t","197":"u","198":"d","199":"y","200":"/","201":"V","202":"u","203":"e","204":"-","205":"T","206":"e","207":"s","208":"t","209":"i","210":"n","211":"g","212":"/","213":"v","214":"u","215":"e","216":"3","217":"-","218":"v","219":"i","220":"t","221":"e","222":"-","223":"j","224":"s","225":"-","226":"v","227":"u","228":"x","229":"t","230":"-","231":"j","232":"e","233":"s","234":"t","235":"-","236":"v","237":"t","238":"u","239":"/","240":"s","241":"r","242":"c","243":"/","244":"A","245":"p","246":"p","247":".","248":"v","249":"u","250":"e","251":"\"","252":",","253":"\"","254":"s","255":"o","256":"u","257":"r","258":"c","259":"e","260":"s","261":"C","262":"o","263":"n","264":"t","265":"e","266":"n","267":"t","268":"\"","269":":","270":"[","271":"\"","272":"<","273":"s","274":"c","275":"r","276":"i","277":"p","278":"t","279":" ","280":"s","281":"e","282":"t","283":"u","284":"p","285":">","286":"\\","287":"n","288":"i","289":"m","290":"p","291":"o","292":"r","293":"t","294":" ","295":"H","296":"e","297":"l","298":"l","299":"o","300":"W","301":"o","302":"r","303":"l","304":"d","305":" ","306":"f","307":"r","308":"o","309":"m","310":" ","311":"'","312":".","313":"/","314":"c","315":"o","316":"m","317":"p","318":"o","319":"n","320":"e","321":"n","322":"t","323":"s","324":"/","325":"H","326":"e","327":"l","328":"l","329":"o","330":"W","331":"o","332":"r","333":"l","334":"d","335":".","336":"v","337":"u","338":"e","339":"'","340":"\\","341":"n","342":"<","343":"/","344":"s","345":"c","346":"r","347":"i","348":"p","349":"t","350":">","351":"\\","352":"n","353":"\\","354":"n","355":"<","356":"t","357":"e","358":"m","359":"p","360":"l","361":"a","362":"t","363":"e","364":">","365":"\\","366":"n","367":" ","368":" ","369":"<","370":"d","371":"i","372":"v","373":">","374":"\\","375":"n","376":" ","377":" ","378":" ","379":" ","380":"<","381":"a","382":" ","383":"h","384":"r","385":"e","386":"f","387":"=","388":"\\","389":"\"","390":"h","391":"t","392":"t","393":"p","394":"s","395":":","396":"/","397":"/","398":"v","399":"i","400":"t","401":"e","402":".","403":"d","404":"e","405":"v","406":"\\","407":"\"","408":" ","409":"t","410":"a","411":"r","412":"g","413":"e","414":"t","415":"=","416":"\\","417":"\"","418":"_","419":"b","420":"l","421":"a","422":"n","423":"k","424":"\\","425":"\"","426":">","427":"\\","428":"n","429":" ","430":" ","431":" ","432":" ","433":" ","434":" ","435":"<","436":"i","437":"m","438":"g","439":" ","440":"s","441":"r","442":"c","443":"=","444":"\\","445":"\"","446":"/","447":"v","448":"i","449":"t","450":"e","451":".","452":"s","453":"v","454":"g","455":"\\","456":"\"","457":" ","458":"c","459":"l","460":"a","461":"s","462":"s","463":"=","464":"\\","465":"\"","466":"l","467":"o","468":"g","469":"o","470":"\\","471":"\"","472":" ","473":"a","474":"l","475":"t","476":"=","477":"\\","478":"\"","479":"V","480":"i","481":"t","482":"e","483":" ","484":"l","485":"o","486":"g","487":"o","488":"\\","489":"\"","490":" ","491":"/","492":">","493":"\\","494":"n","495":" ","496":" ","497":" ","498":" ","499":"<","500":"/","501":"a","502":">","503":"\\","504":"n","505":" ","506":" ","507":" ","508":" ","509":"<","510":"a","511":" ","512":"h","513":"r","514":"e","515":"f","516":"=","517":"\\","518":"\"","519":"h","520":"t","521":"t","522":"p","523":"s","524":":","525":"/","526":"/","527":"v","528":"u","529":"e","530":"j","531":"s","532":".","533":"o","534":"r","535":"g","536":"/","537":"\\","538":"\"","539":" ","540":"t","541":"a","542":"r","543":"g","544":"e","545":"t","546":"=","547":"\\","548":"\"","549":"_","550":"b","551":"l","552":"a","553":"n","554":"k","555":"\\","556":"\"","557":">","558":"\\","559":"n","560":" ","561":" ","562":" ","563":" ","564":" ","565":" ","566":"<","567":"i","568":"m","569":"g","570":" ","571":"s","572":"r","573":"c","574":"=","575":"\\","576":"\"","577":".","578":"/","579":"a","580":"s","581":"s","582":"e","583":"t","584":"s","585":"/","586":"v","587":"u","588":"e","589":".","590":"s","591":"v","592":"g","593":"\\","594":"\"","595":" ","596":"c","597":"l","598":"a","599":"s","600":"s","601":"=","602":"\\","603":"\"","604":"l","605":"o","606":"g","607":"o","608":" ","609":"v","610":"u","611":"e","612":"\\","613":"\"","614":" ","615":"a","616":"l","617":"t","618":"=","619":"\\","620":"\"","621":"V","622":"u","623":"e","624":" ","625":"l","626":"o","627":"g","628":"o","629":"\\","630":"\"","631":" ","632":"/","633":">","634":"\\","635":"n","636":" ","637":" ","638":" ","639":" ","640":"<","641":"/","642":"a","643":">","644":"\\","645":"n","646":" ","647":" ","648":"<","649":"/","650":"d","651":"i","652":"v","653":">","654":"\\","655":"n","656":" ","657":" ","658":"<","659":"H","660":"e","661":"l","662":"l","663":"o","664":"W","665":"o","666":"r","667":"l","668":"d","669":" ","670":"m","671":"s","672":"g","673":"=","674":"\\","675":"\"","676":"V","677":"i","678":"t","679":"e","680":" ","681":"+","682":" ","683":"V","684":"u","685":"e","686":"\\","687":"\"","688":" ","689":"/","690":">","691":"\\","692":"n","693":"<","694":"/","695":"t","696":"e","697":"m","698":"p","699":"l","700":"a","701":"t","702":"e","703":">","704":"\\","705":"n","706":"\\","707":"n","708":"<","709":"s","710":"t","711":"y","712":"l","713":"e","714":" ","715":"s","716":"c","717":"o","718":"p","719":"e","720":"d","721":">","722":"\\","723":"n","724":".","725":"l","726":"o","727":"g","728":"o","729":" ","730":"{","731":"\\","732":"n","733":" ","734":" ","735":"h","736":"e","737":"i","738":"g","739":"h","740":"t","741":":","742":" ","743":"6","744":"e","745":"m","746":";","747":"\\","748":"n","749":" ","750":" ","751":"p","752":"a","753":"d","754":"d","755":"i","756":"n","757":"g","758":":","759":" ","760":"1","761":".","762":"5","763":"e","764":"m","765":";","766":"\\","767":"n","768":" ","769":" ","770":"w","771":"i","772":"l","773":"l","774":"-","775":"c","776":"h","777":"a","778":"n","779":"g","780":"e","781":":","782":" ","783":"f","784":"i","785":"l","786":"t","787":"e","788":"r","789":";","790":"\\","791":"n","792":" ","793":" ","794":"t","795":"r","796":"a","797":"n","798":"s","799":"i","800":"t","801":"i","802":"o","803":"n","804":":","805":" ","806":"f","807":"i","808":"l","809":"t","810":"e","811":"r","812":" ","813":"3","814":"0","815":"0","816":"m","817":"s","818":";","819":"\\","820":"n","821":"}","822":"\\","823":"n","824":".","825":"l","826":"o","827":"g","828":"o","829":":","830":"h","831":"o","832":"v","833":"e","834":"r","835":" ","836":"{","837":"\\","838":"n","839":" ","840":" ","841":"f","842":"i","843":"l","844":"t","845":"e","846":"r","847":":","848":" ","849":"d","850":"r","851":"o","852":"p","853":"-","854":"s","855":"h","856":"a","857":"d","858":"o","859":"w","860":"(","861":"0","862":" ","863":"0","864":" ","865":"2","866":"e","867":"m","868":" ","869":"#","870":"6","871":"4","872":"6","873":"c","874":"f","875":"f","876":"a","877":"a","878":")","879":";","880":"\\","881":"n","882":"}","883":"\\","884":"n","885":".","886":"l","887":"o","888":"g","889":"o","890":".","891":"v","892":"u","893":"e","894":":","895":"h","896":"o","897":"v","898":"e","899":"r","900":" ","901":"{","902":"\\","903":"n","904":" ","905":" ","906":"f","907":"i","908":"l","909":"t","910":"e","911":"r","912":":","913":" ","914":"d","915":"r","916":"o","917":"p","918":"-","919":"s","920":"h","921":"a","922":"d","923":"o","924":"w","925":"(","926":"0","927":" ","928":"0","929":" ","930":"2","931":"e","932":"m","933":" ","934":"#","935":"4","936":"2","937":"b","938":"8","939":"8","940":"3","941":"a","942":"a","943":")","944":";","945":"\\","946":"n","947":"}","948":"\\","949":"n","950":"<","951":"/","952":"s","953":"t","954":"y","955":"l","956":"e","957":">","958":"\\","959":"n","960":"\"","961":"]","962":"}"}}
,"/Users/Pirate/ben-git/vue-study/Vue-Testing/vue3-vite-js-vuxt-jest-vtu/src/components/HelloWorld.vue": {"path":"/Users/Pirate/ben-git/vue-study/Vue-Testing/vue3-vite-js-vuxt-jest-vtu/src/components/HelloWorld.vue","statementMap":{"0":{"start":{"line":4,"column":0},"end":{"line":6,"column":3}},"1":{"start":{"line":7,"column":0},"end":{"line":7,"column":25}},"2":{"start":{"line":45,"column":0},"end":{"line":47,"column":3}},"3":{"start":{"line":48,"column":0},"end":{"line":48,"column":24}},"4":{"start":{"line":49,"column":11},"end":{"line":49,"column":25}},"5":{"start":{"line":50,"column":17},"end":{"line":52,"column":1}},"6":{"start":{"line":54,"column":2},"end":{"line":67,"column":101}},"7":{"start":{"line":57,"column":6},"end":{"line":57,"column":28}},"8":{"start":{"line":68,"column":2},"end":{"line":68,"column":49}}},"fnMap":{"0":{"name":"render","decl":{"start":{"line":53,"column":9},"end":{"line":53,"column":15}},"loc":{"start":{"line":53,"column":63},"end":{"line":68,"column":1}},"line":53},"1":{"name":"(anonymous_1)","decl":{"start":{"line":56,"column":39},"end":{"line":56,"column":40}},"loc":{"start":{"line":56,"column":57},"end":{"line":58,"column":5}},"line":56}},"branchMap":{"0":{"loc":{"start":{"line":56,"column":13},"end":{"line":58,"column":6}},"type":"binary-expr","locations":[{"start":{"line":56,"column":13},"end":{"line":56,"column":22}},{"start":{"line":56,"column":27},"end":{"line":58,"column":5}}],"line":56},"1":{"loc":{"start":{"line":59,"column":75},"end":{"line":59,"column":315}},"type":"binary-expr","locations":[{"start":{"line":59,"column":75},"end":{"line":59,"column":84}},{"start":{"line":59,"column":89},"end":{"line":59,"column":314}}],"line":59},"2":{"loc":{"start":{"line":59,"column":319},"end":{"line":62,"column":104}},"type":"binary-expr","locations":[{"start":{"line":59,"column":319},"end":{"line":59,"column":328}},{"start":{"line":59,"column":333},"end":{"line":62,"column":103}}],"line":59},"3":{"loc":{"start":{"line":62,"column":106},"end":{"line":65,"column":87}},"type":"binary-expr","locations":[{"start":{"line":62,"column":106},"end":{"line":62,"column":115}},{"start":{"line":62,"column":120},"end":{"line":65,"column":86}}],"line":62},"4":{"loc":{"start":{"line":65,"column":89},"end":{"line":67,"column":72}},"type":"binary-expr","locations":[{"start":{"line":65,"column":89},"end":{"line":65,"column":98}},{"start":{"line":65,"column":103},"end":{"line":67,"column":71}}],"line":65}},"s":{"0":1,"1":1,"2":1,"3":1,"4":1,"5":1,"6":1,"7":0,"8":1},"f":{"0":1,"1":0},"b":{"0":[1,1],"1":[1,1],"2":[1,1],"3":[1,1],"4":[1,1]},"inputSourceMap":{"0":"{","1":"\"","2":"v","3":"e","4":"r","5":"s","6":"i","7":"o","8":"n","9":"\"","10":":","11":"3","12":",","13":"\"","14":"s","15":"o","16":"u","17":"r","18":"c","19":"e","20":"s","21":"\"","22":":","23":"[","24":"\"","25":"/","26":"U","27":"s","28":"e","29":"r","30":"s","31":"/","32":"P","33":"i","34":"r","35":"a","36":"t","37":"e","38":"/","39":"b","40":"e","41":"n","42":"-","43":"g","44":"i","45":"t","46":"/","47":"v","48":"u","49":"e","50":"-","51":"s","52":"t","53":"u","54":"d","55":"y","56":"/","57":"V","58":"u","59":"e","60":"-","61":"T","62":"e","63":"s","64":"t","65":"i","66":"n","67":"g","68":"/","69":"v","70":"u","71":"e","72":"3","73":"-","74":"v","75":"i","76":"t","77":"e","78":"-","79":"j","80":"s","81":"-","82":"v","83":"u","84":"x","85":"t","86":"-","87":"j","88":"e","89":"s","90":"t","91":"-","92":"v","93":"t","94":"u","95":"/","96":"s","97":"r","98":"c","99":"/","100":"c","101":"o","102":"m","103":"p","104":"o","105":"n","106":"e","107":"n","108":"t","109":"s","110":"/","111":"H","112":"e","113":"l","114":"l","115":"o","116":"W","117":"o","118":"r","119":"l","120":"d","121":".","122":"v","123":"u","124":"e","125":"\"","126":"]","127":",","128":"\"","129":"n","130":"a","131":"m","132":"e","133":"s","134":"\"","135":":","136":"[","137":"]","138":",","139":"\"","140":"m","141":"a","142":"p","143":"p","144":"i","145":"n","146":"g","147":"s","148":"\"","149":":","150":"\"","151":";","152":";","153":";","154":";","155":";","156":";","157":";","158":"A","159":"A","160":"C","161":"A","162":";","163":"A","164":"A","165":"A","166":"A","167":";","168":"A","169":"A","170":"A","171":"A","172":";","173":"A","174":"A","175":"A","176":"y","177":"B","178":";","179":"A","180":"A","181":"A","182":"A","183":";","184":";","185":";","186":";","187":";","188":";","189":";","190":";","191":";","192":"I","193":"A","194":"M","195":"z","196":"B","197":",","198":"M","199":"A","200":"A","201":"M","202":",","203":"K","204":"A","205":"A","206":"K","207":";","208":"I","209":"A","210":"A","211":"G","212":";","213":"I","214":"A","215":"A","216":"A","217":";","218":"I","219":"A","220":"A","221":"A","222":";","223":"I","224":"A","225":"A","226":"A","227":";","228":"I","229":"A","230":"A","231":"A","232":";","233":"I","234":"A","235":"A","236":"A","237":",","238":"G","239":"A","240":"A","241":"G","242":",","243":"E","244":"A","245":"A","246":"C","247":",","248":"C","249":"A","250":"A","251":"C","252":",","253":"C","254":"A","255":"A","256":"C","257":"\"","258":",","259":"\"","260":"f","261":"i","262":"l","263":"e","264":"\"","265":":","266":"\"","267":"/","268":"U","269":"s","270":"e","271":"r","272":"s","273":"/","274":"P","275":"i","276":"r","277":"a","278":"t","279":"e","280":"/","281":"b","282":"e","283":"n","284":"-","285":"g","286":"i","287":"t","288":"/","289":"v","290":"u","291":"e","292":"-","293":"s","294":"t","295":"u","296":"d","297":"y","298":"/","299":"V","300":"u","301":"e","302":"-","303":"T","304":"e","305":"s","306":"t","307":"i","308":"n","309":"g","310":"/","311":"v","312":"u","313":"e","314":"3","315":"-","316":"v","317":"i","318":"t","319":"e","320":"-","321":"j","322":"s","323":"-","324":"v","325":"u","326":"x","327":"t","328":"-","329":"j","330":"e","331":"s","332":"t","333":"-","334":"v","335":"t","336":"u","337":"/","338":"s","339":"r","340":"c","341":"/","342":"c","343":"o","344":"m","345":"p","346":"o","347":"n","348":"e","349":"n","350":"t","351":"s","352":"/","353":"H","354":"e","355":"l","356":"l","357":"o","358":"W","359":"o","360":"r","361":"l","362":"d","363":".","364":"v","365":"u","366":"e","367":"\"","368":",","369":"\"","370":"s","371":"o","372":"u","373":"r","374":"c","375":"e","376":"s","377":"C","378":"o","379":"n","380":"t","381":"e","382":"n","383":"t","384":"\"","385":":","386":"[","387":"\"","388":"<","389":"s","390":"c","391":"r","392":"i","393":"p","394":"t","395":" ","396":"s","397":"e","398":"t","399":"u","400":"p","401":">","402":"\\","403":"n","404":"i","405":"m","406":"p","407":"o","408":"r","409":"t","410":" ","411":"{","412":" ","413":"r","414":"e","415":"f","416":" ","417":"}","418":" ","419":"f","420":"r","421":"o","422":"m","423":" ","424":"'","425":"v","426":"u","427":"e","428":"'","429":"\\","430":"n","431":"\\","432":"n","433":"d","434":"e","435":"f","436":"i","437":"n","438":"e","439":"P","440":"r","441":"o","442":"p","443":"s","444":"(","445":"{","446":"\\","447":"n","448":" ","449":" ","450":"m","451":"s","452":"g","453":":","454":" ","455":"S","456":"t","457":"r","458":"i","459":"n","460":"g","461":",","462":"\\","463":"n","464":"}","465":")","466":"\\","467":"n","468":"\\","469":"n","470":"c","471":"o","472":"n","473":"s","474":"t","475":" ","476":"c","477":"o","478":"u","479":"n","480":"t","481":" ","482":"=","483":" ","484":"r","485":"e","486":"f","487":"(","488":"0","489":")","490":"\\","491":"n","492":"<","493":"/","494":"s","495":"c","496":"r","497":"i","498":"p","499":"t","500":">","501":"\\","502":"n","503":"\\","504":"n","505":"<","506":"t","507":"e","508":"m","509":"p","510":"l","511":"a","512":"t","513":"e","514":">","515":"\\","516":"n","517":" ","518":" ","519":"<","520":"h","521":"1","522":">","523":"{","524":"{","525":" ","526":"m","527":"s","528":"g","529":" ","530":"}","531":"}","532":"<","533":"/","534":"h","535":"1","536":">","537":"\\","538":"n","539":"\\","540":"n","541":" ","542":" ","543":"<","544":"d","545":"i","546":"v","547":" ","548":"c","549":"l","550":"a","551":"s","552":"s","553":"=","554":"\\","555":"\"","556":"c","557":"a","558":"r","559":"d","560":"\\","561":"\"","562":">","563":"\\","564":"n","565":" ","566":" ","567":" ","568":" ","569":"<","570":"b","571":"u","572":"t","573":"t","574":"o","575":"n","576":" ","577":"t","578":"y","579":"p","580":"e","581":"=","582":"\\","583":"\"","584":"b","585":"u","586":"t","587":"t","588":"o","589":"n","590":"\\","591":"\"","592":" ","593":"@","594":"c","595":"l","596":"i","597":"c","598":"k","599":"=","600":"\\","601":"\"","602":"c","603":"o","604":"u","605":"n","606":"t","607":"+","608":"+","609":"\\","610":"\"","611":">","612":"c","613":"o","614":"u","615":"n","616":"t","617":" ","618":"i","619":"s","620":" ","621":"{","622":"{","623":" ","624":"c","625":"o","626":"u","627":"n","628":"t","629":" ","630":"}","631":"}","632":"<","633":"/","634":"b","635":"u","636":"t","637":"t","638":"o","639":"n","640":">","641":"\\","642":"n","643":" ","644":" ","645":" ","646":" ","647":"<","648":"p","649":">","650":"\\","651":"n","652":" ","653":" ","654":" ","655":" ","656":" ","657":" ","658":"E","659":"d","660":"i","661":"t","662":"\\","663":"n","664":" ","665":" ","666":" ","667":" ","668":" ","669":" ","670":"<","671":"c","672":"o","673":"d","674":"e","675":">","676":"c","677":"o","678":"m","679":"p","680":"o","681":"n","682":"e","683":"n","684":"t","685":"s","686":"/","687":"H","688":"e","689":"l","690":"l","691":"o","692":"W","693":"o","694":"r","695":"l","696":"d","697":".","698":"v","699":"u","700":"e","701":"<","702":"/","703":"c","704":"o","705":"d","706":"e","707":">","708":" ","709":"t","710":"o","711":" ","712":"t","713":"e","714":"s","715":"t","716":" ","717":"H","718":"M","719":"R","720":"\\","721":"n","722":" ","723":" ","724":" ","725":" ","726":"<","727":"/","728":"p","729":">","730":"\\","731":"n","732":" ","733":" ","734":"<","735":"/","736":"d","737":"i","738":"v","739":">","740":"\\","741":"n","742":"\\","743":"n","744":" ","745":" ","746":"<","747":"p","748":">","749":"\\","750":"n","751":" ","752":" ","753":" ","754":" ","755":"C","756":"h","757":"e","758":"c","759":"k","760":" ","761":"o","762":"u","763":"t","764":"\\","765":"n","766":" ","767":" ","768":" ","769":" ","770":"<","771":"a","772":" ","773":"h","774":"r","775":"e","776":"f","777":"=","778":"\\","779":"\"","780":"h","781":"t","782":"t","783":"p","784":"s","785":":","786":"/","787":"/","788":"v","789":"u","790":"e","791":"j","792":"s","793":".","794":"o","795":"r","796":"g","797":"/","798":"g","799":"u","800":"i","801":"d","802":"e","803":"/","804":"q","805":"u","806":"i","807":"c","808":"k","809":"-","810":"s","811":"t","812":"a","813":"r","814":"t","815":".","816":"h","817":"t","818":"m","819":"l","820":"#","821":"l","822":"o","823":"c","824":"a","825":"l","826":"\\","827":"\"","828":" ","829":"t","830":"a","831":"r","832":"g","833":"e","834":"t","835":"=","836":"\\","837":"\"","838":"_","839":"b","840":"l","841":"a","842":"n","843":"k","844":"\\","845":"\"","846":">","847":"c","848":"r","849":"e","850":"a","851":"t","852":"e","853":"-","854":"v","855":"u","856":"e","857":"<","858":"/","859":"a","860":">","861":",","862":" ","863":"t","864":"h","865":"e","866":" ","867":"o","868":"f","869":"f","870":"i","871":"c","872":"i","873":"a","874":"l","875":" ","876":"V","877":"u","878":"e","879":" ","880":"+","881":" ","882":"V","883":"i","884":"t","885":"e","886":"\\","887":"n","888":" ","889":" ","890":" ","891":" ","892":"s","893":"t","894":"a","895":"r","896":"t","897":"e","898":"r","899":"\\","900":"n","901":" ","902":" ","903":"<","904":"/","905":"p","906":">","907":"\\","908":"n","909":" ","910":" ","911":"<","912":"p","913":">","914":"\\","915":"n","916":" ","917":" ","918":" ","919":" ","920":"L","921":"e","922":"a","923":"r","924":"n","925":" ","926":"m","927":"o","928":"r","929":"e","930":" ","931":"a","932":"b","933":"o","934":"u","935":"t","936":" ","937":"I","938":"D","939":"E","940":" ","941":"S","942":"u","943":"p","944":"p","945":"o","946":"r","947":"t","948":" ","949":"f","950":"o","951":"r","952":" ","953":"V","954":"u","955":"e","956":" ","957":"i","958":"n","959":" ","960":"t","961":"h","962":"e","963":"\\","964":"n","965":" ","966":" ","967":" ","968":" ","969":"<","970":"a","971":" ","972":"h","973":"r","974":"e","975":"f","976":"=","977":"\\","978":"\"","979":"h","980":"t","981":"t","982":"p","983":"s","984":":","985":"/","986":"/","987":"v","988":"u","989":"e","990":"j","991":"s","992":".","993":"o","994":"r","995":"g","996":"/","997":"g","998":"u","999":"i","1000":"d","1001":"e","1002":"/","1003":"s","1004":"c","1005":"a","1006":"l","1007":"i","1008":"n","1009":"g","1010":"-","1011":"u","1012":"p","1013":"/","1014":"t","1015":"o","1016":"o","1017":"l","1018":"i","1019":"n","1020":"g","1021":".","1022":"h","1023":"t","1024":"m","1025":"l","1026":"#","1027":"i","1028":"d","1029":"e","1030":"-","1031":"s","1032":"u","1033":"p","1034":"p","1035":"o","1036":"r","1037":"t","1038":"\\","1039":"\"","1040":" ","1041":"t","1042":"a","1043":"r","1044":"g","1045":"e","1046":"t","1047":"=","1048":"\\","1049":"\"","1050":"_","1051":"b","1052":"l","1053":"a","1054":"n","1055":"k","1056":"\\","1057":"\"","1058":">","1059":"V","1060":"u","1061":"e","1062":" ","1063":"D","1064":"o","1065":"c","1066":"s","1067":" ","1068":"S","1069":"c","1070":"a","1071":"l","1072":"i","1073":"n","1074":"g","1075":" ","1076":"u","1077":"p","1078":" ","1079":"G","1080":"u","1081":"i","1082":"d","1083":"e","1084":"<","1085":"/","1086":"a","1087":">","1088":".","1089":"\\","1090":"n","1091":" ","1092":" ","1093":"<","1094":"/","1095":"p","1096":">","1097":"\\","1098":"n","1099":" ","1100":" ","1101":"<","1102":"p","1103":" ","1104":"c","1105":"l","1106":"a","1107":"s","1108":"s","1109":"=","1110":"\\","1111":"\"","1112":"r","1113":"e","1114":"a","1115":"d","1116":"-","1117":"t","1118":"h","1119":"e","1120":"-","1121":"d","1122":"o","1123":"c","1124":"s","1125":"\\","1126":"\"","1127":">","1128":"C","1129":"l","1130":"i","1131":"c","1132":"k","1133":" ","1134":"o","1135":"n","1136":" ","1137":"t","1138":"h","1139":"e","1140":" ","1141":"V","1142":"i","1143":"t","1144":"e","1145":" ","1146":"a","1147":"n","1148":"d","1149":" ","1150":"V","1151":"u","1152":"e","1153":" ","1154":"l","1155":"o","1156":"g","1157":"o","1158":"s","1159":" ","1160":"t","1161":"o","1162":" ","1163":"l","1164":"e","1165":"a","1166":"r","1167":"n","1168":" ","1169":"m","1170":"o","1171":"r","1172":"e","1173":"<","1174":"/","1175":"p","1176":">","1177":"\\","1178":"n","1179":"<","1180":"/","1181":"t","1182":"e","1183":"m","1184":"p","1185":"l","1186":"a","1187":"t","1188":"e","1189":">","1190":"\\","1191":"n","1192":"\\","1193":"n","1194":"<","1195":"s","1196":"t","1197":"y","1198":"l","1199":"e","1200":" ","1201":"s","1202":"c","1203":"o","1204":"p","1205":"e","1206":"d","1207":">","1208":"\\","1209":"n","1210":".","1211":"r","1212":"e","1213":"a","1214":"d","1215":"-","1216":"t","1217":"h","1218":"e","1219":"-","1220":"d","1221":"o","1222":"c","1223":"s","1224":" ","1225":"{","1226":"\\","1227":"n","1228":" ","1229":" ","1230":"c","1231":"o","1232":"l","1233":"o","1234":"r","1235":":","1236":" ","1237":"#","1238":"8","1239":"8","1240":"8","1241":";","1242":"\\","1243":"n","1244":"}","1245":"\\","1246":"n","1247":"<","1248":"/","1249":"s","1250":"t","1251":"y","1252":"l","1253":"e","1254":">","1255":"\\","1256":"n","1257":"\"","1258":"]","1259":"}"},"_coverageSchema":"1a1c01bbd47fc00a2c39e90264f33305004495a9","hash":"22008ab5a52b8a604d6935568818e06b871636fd"}
}
