{"/Users/Pirate/ben-git/vue-study/Vue-Testing/vue3-vite-js-vuxt-jest-vtu/src/App.vue": {"path":"/Users/Pirate/ben-git/vue-study/Vue-Testing/vue3-vite-js-vuxt-jest-vtu/src/App.vue","statementMap":{"0":{"start":{"line":7,"column":4},"end":{"line":7,"column":15}},"1":{"start":{"line":8,"column":25},"end":{"line":10,"column":5}},"2":{"start":{"line":11,"column":4},"end":{"line":14,"column":7}},"3":{"start":{"line":15,"column":4},"end":{"line":15,"column":24}},"4":{"start":{"line":20,"column":0},"end":{"line":22,"column":3}},"5":{"start":{"line":23,"column":0},"end":{"line":23,"column":24}},"6":{"start":{"line":24,"column":11},"end":{"line":24,"column":25}},"7":{"start":{"line":26,"column":2},"end":{"line":28,"column":5}},"8":{"start":{"line":29,"column":2},"end":{"line":29,"column":49}}},"fnMap":{"0":{"name":"(anonymous_0)","decl":{"start":{"line":4,"column":2},"end":{"line":4,"column":3}},"loc":{"start":{"line":6,"column":5},"end":{"line":16,"column":3}},"line":6},"1":{"name":"render","decl":{"start":{"line":25,"column":9},"end":{"line":25,"column":15}},"loc":{"start":{"line":25,"column":63},"end":{"line":29,"column":1}},"line":25}},"branchMap":{},"s":{"0":0,"1":0,"2":0,"3":0,"4":0,"5":0,"6":0,"7":0,"8":0},"f":{"0":0,"1":0},"b":{},"inputSourceMap":{"0":"{","1":"\"","2":"v","3":"e","4":"r","5":"s","6":"i","7":"o","8":"n","9":"\"","10":":","11":"3","12":",","13":"\"","14":"s","15":"o","16":"u","17":"r","18":"c","19":"e","20":"s","21":"\"","22":":","23":"[","24":"\"","25":"/","26":"U","27":"s","28":"e","29":"r","30":"s","31":"/","32":"P","33":"i","34":"r","35":"a","36":"t","37":"e","38":"/","39":"b","40":"e","41":"n","42":"-","43":"g","44":"i","45":"t","46":"/","47":"v","48":"u","49":"e","50":"-","51":"s","52":"t","53":"u","54":"d","55":"y","56":"/","57":"V","58":"u","59":"e","60":"-","61":"T","62":"e","63":"s","64":"t","65":"i","66":"n","67":"g","68":"/","69":"v","70":"u","71":"e","72":"3","73":"-","74":"v","75":"i","76":"t","77":"e","78":"-","79":"j","80":"s","81":"-","82":"v","83":"u","84":"x","85":"t","86":"-","87":"j","88":"e","89":"s","90":"t","91":"-","92":"v","93":"t","94":"u","95":"/","96":"s","97":"r","98":"c","99":"/","100":"A","101":"p","102":"p","103":".","104":"v","105":"u","106":"e","107":"\"","108":"]","109":",","110":"\"","111":"n","112":"a","113":"m","114":"e","115":"s","116":"\"","117":":","118":"[","119":"]","120":",","121":"\"","122":"m","123":"a","124":"p","125":"p","126":"i","127":"n","128":"g","129":"s","130":"\"","131":":","132":"\"","133":"A","134":"A","135":"C","136":"A","137":",","138":"O","139":"A","140":"A","141":"O","142":",","143":"U","144":"A","145":"A","146":"U","147":",","148":"M","149":"A","150":"A","151":"M","152":",","153":"6","154":"B","155":"A","156":"A","157":"6","158":"B","159":"\"","160":",","161":"\"","162":"f","163":"i","164":"l","165":"e","166":"\"","167":":","168":"\"","169":"/","170":"U","171":"s","172":"e","173":"r","174":"s","175":"/","176":"P","177":"i","178":"r","179":"a","180":"t","181":"e","182":"/","183":"b","184":"e","185":"n","186":"-","187":"g","188":"i","189":"t","190":"/","191":"v","192":"u","193":"e","194":"-","195":"s","196":"t","197":"u","198":"d","199":"y","200":"/","201":"V","202":"u","203":"e","204":"-","205":"T","206":"e","207":"s","208":"t","209":"i","210":"n","211":"g","212":"/","213":"v","214":"u","215":"e","216":"3","217":"-","218":"v","219":"i","220":"t","221":"e","222":"-","223":"j","224":"s","225":"-","226":"v","227":"u","228":"x","229":"t","230":"-","231":"j","232":"e","233":"s","234":"t","235":"-","236":"v","237":"t","238":"u","239":"/","240":"s","241":"r","242":"c","243":"/","244":"A","245":"p","246":"p","247":".","248":"v","249":"u","250":"e","251":"\"","252":",","253":"\"","254":"s","255":"o","256":"u","257":"r","258":"c","259":"e","260":"s","261":"C","262":"o","263":"n","264":"t","265":"e","266":"n","267":"t","268":"\"","269":":","270":"[","271":"\"","272":"<","273":"s","274":"c","275":"r","276":"i","277":"p","278":"t","279":" ","280":"s","281":"e","282":"t","283":"u","284":"p","285":">","286":"\\","287":"n","288":"i","289":"m","290":"p","291":"o","292":"r","293":"t","294":" ","295":"R","296":"e","297":"n","298":"d","299":"e","300":"r","301":"P","302":"r","303":"o","304":"p","305":" ","306":"f","307":"r","308":"o","309":"m","310":" ","311":"'","312":".","313":"/","314":"c","315":"o","316":"m","317":"p","318":"o","319":"n","320":"e","321":"n","322":"t","323":"s","324":"/","325":"R","326":"e","327":"n","328":"d","329":"e","330":"r","331":"P","332":"r","333":"o","334":"p","335":".","336":"v","337":"u","338":"e","339":"'","340":";","341":"\\","342":"n","343":"<","344":"/","345":"s","346":"c","347":"r","348":"i","349":"p","350":"t","351":">","352":"\\","353":"n","354":"\\","355":"n","356":"<","357":"t","358":"e","359":"m","360":"p","361":"l","362":"a","363":"t","364":"e","365":">","366":"\\","367":"n","368":" ","369":" ","370":"<","371":"R","372":"e","373":"n","374":"d","375":"e","376":"r","377":"P","378":"r","379":"o","380":"p","381":" ","382":"m","383":"s","384":"g","385":"=","386":"\\","387":"\"","388":"H","389":"e","390":"l","391":"l","392":"o","393":" ","394":"V","395":"u","396":"e","397":" ","398":"3","399":" ","400":"+","401":" ","402":"V","403":"i","404":"t","405":"e","406":"\\","407":"\"","408":" ","409":"/","410":">","411":"\\","412":"n","413":"<","414":"/","415":"t","416":"e","417":"m","418":"p","419":"l","420":"a","421":"t","422":"e","423":">","424":"\\","425":"n","426":"\\","427":"n","428":"<","429":"s","430":"t","431":"y","432":"l","433":"e","434":" ","435":"s","436":"c","437":"o","438":"p","439":"e","440":"d","441":">","442":"\\","443":"n","444":".","445":"l","446":"o","447":"g","448":"o","449":" ","450":"{","451":"\\","452":"n","453":" ","454":" ","455":"h","456":"e","457":"i","458":"g","459":"h","460":"t","461":":","462":" ","463":"6","464":"e","465":"m","466":";","467":"\\","468":"n","469":" ","470":" ","471":"p","472":"a","473":"d","474":"d","475":"i","476":"n","477":"g","478":":","479":" ","480":"1","481":".","482":"5","483":"e","484":"m","485":";","486":"\\","487":"n","488":" ","489":" ","490":"w","491":"i","492":"l","493":"l","494":"-","495":"c","496":"h","497":"a","498":"n","499":"g","500":"e","501":":","502":" ","503":"f","504":"i","505":"l","506":"t","507":"e","508":"r","509":";","510":"\\","511":"n","512":" ","513":" ","514":"t","515":"r","516":"a","517":"n","518":"s","519":"i","520":"t","521":"i","522":"o","523":"n","524":":","525":" ","526":"f","527":"i","528":"l","529":"t","530":"e","531":"r","532":" ","533":"3","534":"0","535":"0","536":"m","537":"s","538":";","539":"\\","540":"n","541":"}","542":"\\","543":"n","544":"\\","545":"n","546":".","547":"l","548":"o","549":"g","550":"o","551":":","552":"h","553":"o","554":"v","555":"e","556":"r","557":" ","558":"{","559":"\\","560":"n","561":" ","562":" ","563":"f","564":"i","565":"l","566":"t","567":"e","568":"r","569":":","570":" ","571":"d","572":"r","573":"o","574":"p","575":"-","576":"s","577":"h","578":"a","579":"d","580":"o","581":"w","582":"(","583":"0","584":" ","585":"0","586":" ","587":"2","588":"e","589":"m","590":" ","591":"#","592":"6","593":"4","594":"6","595":"c","596":"f","597":"f","598":"a","599":"a","600":")","601":";","602":"\\","603":"n","604":"}","605":"\\","606":"n","607":"\\","608":"n","609":".","610":"l","611":"o","612":"g","613":"o","614":".","615":"v","616":"u","617":"e","618":":","619":"h","620":"o","621":"v","622":"e","623":"r","624":" ","625":"{","626":"\\","627":"n","628":" ","629":" ","630":"f","631":"i","632":"l","633":"t","634":"e","635":"r","636":":","637":" ","638":"d","639":"r","640":"o","641":"p","642":"-","643":"s","644":"h","645":"a","646":"d","647":"o","648":"w","649":"(","650":"0","651":" ","652":"0","653":" ","654":"2","655":"e","656":"m","657":" ","658":"#","659":"4","660":"2","661":"b","662":"8","663":"8","664":"3","665":"a","666":"a","667":")","668":";","669":"\\","670":"n","671":"}","672":"\\","673":"n","674":"<","675":"/","676":"s","677":"t","678":"y","679":"l","680":"e","681":">","682":"\\","683":"n","684":"\"","685":"]","686":"}"}}
,"/Users/Pirate/ben-git/vue-study/Vue-Testing/vue3-vite-js-vuxt-jest-vtu/src/components/EmitDemo.vue": {"path":"/Users/Pirate/ben-git/vue-study/Vue-Testing/vue3-vite-js-vuxt-jest-vtu/src/components/EmitDemo.vue","statementMap":{"0":{"start":{"line":4,"column":0},"end":{"line":6,"column":3}},"1":{"start":{"line":7,"column":0},"end":{"line":7,"column":25}},"2":{"start":{"line":8,"column":15},"end":{"line":32,"column":1}},"3":{"start":{"line":15,"column":4},"end":{"line":15,"column":15}},"4":{"start":{"line":18,"column":17},"end":{"line":18,"column":23}},"5":{"start":{"line":20,"column":6},"end":{"line":20,"column":56}},"6":{"start":{"line":22,"column":25},"end":{"line":25,"column":5}},"7":{"start":{"line":26,"column":4},"end":{"line":29,"column":7}},"8":{"start":{"line":30,"column":4},"end":{"line":30,"column":24}},"9":{"start":{"line":35,"column":0},"end":{"line":37,"column":3}},"10":{"start":{"line":38,"column":0},"end":{"line":38,"column":24}},"11":{"start":{"line":39,"column":11},"end":{"line":39,"column":25}},"12":{"start":{"line":41,"column":2},"end":{"line":43,"column":14}},"13":{"start":{"line":44,"column":2},"end":{"line":44,"column":49}}},"fnMap":{"0":{"name":"(anonymous_0)","decl":{"start":{"line":11,"column":2},"end":{"line":11,"column":3}},"loc":{"start":{"line":14,"column":5},"end":{"line":31,"column":3}},"line":14},"1":{"name":"handleClick","decl":{"start":{"line":19,"column":13},"end":{"line":19,"column":24}},"loc":{"start":{"line":19,"column":27},"end":{"line":21,"column":5}},"line":19},"2":{"name":"render","decl":{"start":{"line":40,"column":9},"end":{"line":40,"column":15}},"loc":{"start":{"line":40,"column":63},"end":{"line":44,"column":1}},"line":40}},"branchMap":{},"s":{"0":1,"1":1,"2":1,"3":1,"4":1,"5":1,"6":1,"7":1,"8":1,"9":1,"10":1,"11":1,"12":1,"13":1},"f":{"0":1,"1":1,"2":1},"b":{},"inputSourceMap":{"0":"{","1":"\"","2":"v","3":"e","4":"r","5":"s","6":"i","7":"o","8":"n","9":"\"","10":":","11":"3","12":",","13":"\"","14":"s","15":"o","16":"u","17":"r","18":"c","19":"e","20":"s","21":"\"","22":":","23":"[","24":"\"","25":"/","26":"U","27":"s","28":"e","29":"r","30":"s","31":"/","32":"P","33":"i","34":"r","35":"a","36":"t","37":"e","38":"/","39":"b","40":"e","41":"n","42":"-","43":"g","44":"i","45":"t","46":"/","47":"v","48":"u","49":"e","50":"-","51":"s","52":"t","53":"u","54":"d","55":"y","56":"/","57":"V","58":"u","59":"e","60":"-","61":"T","62":"e","63":"s","64":"t","65":"i","66":"n","67":"g","68":"/","69":"v","70":"u","71":"e","72":"3","73":"-","74":"v","75":"i","76":"t","77":"e","78":"-","79":"j","80":"s","81":"-","82":"v","83":"u","84":"x","85":"t","86":"-","87":"j","88":"e","89":"s","90":"t","91":"-","92":"v","93":"t","94":"u","95":"/","96":"s","97":"r","98":"c","99":"/","100":"c","101":"o","102":"m","103":"p","104":"o","105":"n","106":"e","107":"n","108":"t","109":"s","110":"/","111":"E","112":"m","113":"i","114":"t","115":"D","116":"e","117":"m","118":"o","119":".","120":"v","121":"u","122":"e","123":"\"","124":"]","125":",","126":"\"","127":"n","128":"a","129":"m","130":"e","131":"s","132":"\"","133":":","134":"[","135":"]","136":",","137":"\"","138":"m","139":"a","140":"p","141":"p","142":"i","143":"n","144":"g","145":"s","146":"\"","147":":","148":"\"","149":";","150":";","151":";","152":";","153":";","154":";","155":";","156":";","157":";","158":";","159":";","160":";","161":";","162":";","163":";","164":";","165":"I","166":"A","167":"O","168":"A","169":";","170":"I","171":"A","172":"C","173":"A","174":",","175":"M","176":"A","177":"A","178":"M","179":",","180":"I","181":"A","182":"A","183":"I","184":",","185":"G","186":"A","187":"A","188":"G","189":",","190":"M","191":"A","192":"A","193":"M","194":";","195":"I","196":"A","197":"E","198":"n","199":"B","200":",","201":"S","202":"A","203":"A","204":"S","205":",","206":"W","207":"A","208":"A","209":"W","210":",","211":"G","212":"A","213":"A","214":"G","215":";","216":"M","217":"A","218":"C","219":"n","220":"B","221":",","222":"I","223":"A","224":"A","225":"I","226":",","227":"C","228":"A","229":"A","230":"C","231":",","232":"c","233":"A","234":"A","235":"c","236":",","237":"E","238":"A","239":"A","240":"E","241":",","242":"2","243":"B","244":"A","245":"A","246":"2","247":"B","248":",","249":"C","250":"A","251":"A","252":"C","253":";","254":"I","255":"A","256":"C","257":"r","258":"D","259":"\"","260":",","261":"\"","262":"f","263":"i","264":"l","265":"e","266":"\"","267":":","268":"\"","269":"/","270":"U","271":"s","272":"e","273":"r","274":"s","275":"/","276":"P","277":"i","278":"r","279":"a","280":"t","281":"e","282":"/","283":"b","284":"e","285":"n","286":"-","287":"g","288":"i","289":"t","290":"/","291":"v","292":"u","293":"e","294":"-","295":"s","296":"t","297":"u","298":"d","299":"y","300":"/","301":"V","302":"u","303":"e","304":"-","305":"T","306":"e","307":"s","308":"t","309":"i","310":"n","311":"g","312":"/","313":"v","314":"u","315":"e","316":"3","317":"-","318":"v","319":"i","320":"t","321":"e","322":"-","323":"j","324":"s","325":"-","326":"v","327":"u","328":"x","329":"t","330":"-","331":"j","332":"e","333":"s","334":"t","335":"-","336":"v","337":"t","338":"u","339":"/","340":"s","341":"r","342":"c","343":"/","344":"c","345":"o","346":"m","347":"p","348":"o","349":"n","350":"e","351":"n","352":"t","353":"s","354":"/","355":"E","356":"m","357":"i","358":"t","359":"D","360":"e","361":"m","362":"o","363":".","364":"v","365":"u","366":"e","367":"\"","368":",","369":"\"","370":"s","371":"o","372":"u","373":"r","374":"c","375":"e","376":"s","377":"C","378":"o","379":"n","380":"t","381":"e","382":"n","383":"t","384":"\"","385":":","386":"[","387":"\"","388":"<","389":"t","390":"e","391":"m","392":"p","393":"l","394":"a","395":"t","396":"e","397":" ","398":"l","399":"a","400":"n","401":"g","402":"=","403":"\\","404":"\"","405":"\\","406":"\"","407":">","408":"\\","409":"n","410":" ","411":" ","412":" ","413":" ","414":"<","415":"d","416":"i","417":"v","418":">","419":"\\","420":"n","421":" ","422":" ","423":" ","424":" ","425":" ","426":" ","427":" ","428":" ","429":"<","430":"b","431":"u","432":"t","433":"t","434":"o","435":"n","436":" ","437":"@","438":"c","439":"l","440":"i","441":"c","442":"k","443":"=","444":"\\","445":"\"","446":"h","447":"a","448":"n","449":"d","450":"l","451":"e","452":"C","453":"l","454":"i","455":"c","456":"k","457":"\\","458":"\"","459":">","460":"A","461":"d","462":"d","463":"<","464":"/","465":"b","466":"u","467":"t","468":"t","469":"o","470":"n","471":">","472":"\\","473":"n","474":" ","475":" ","476":" ","477":" ","478":"<","479":"/","480":"d","481":"i","482":"v","483":">","484":"\\","485":"n","486":"<","487":"/","488":"t","489":"e","490":"m","491":"p","492":"l","493":"a","494":"t","495":"e","496":">","497":"\\","498":"n","499":"\\","500":"n","501":"<","502":"s","503":"c","504":"r","505":"i","506":"p","507":"t","508":" ","509":"s","510":"e","511":"t","512":"u","513":"p","514":">","515":"\\","516":"n","517":"/","518":"/","519":" ","520":"D","521":"e","522":"f","523":"i","524":"n","525":"e","526":" ","527":"t","528":"h","529":"e","530":" ","531":"e","532":"m","533":"i","534":"t","535":"t","536":"e","537":"d","538":" ","539":"e","540":"v","541":"e","542":"n","543":"t","544":"\\","545":"n","546":"c","547":"o","548":"n","549":"s","550":"t","551":" ","552":"e","553":"m","554":"i","555":"t","556":" ","557":"=","558":" ","559":"d","560":"e","561":"f","562":"i","563":"n","564":"e","565":"E","566":"m","567":"i","568":"t","569":"s","570":"(","571":"[","572":"'","573":"c","574":"u","575":"s","576":"t","577":"o","578":"m","579":"-","580":"e","581":"v","582":"e","583":"n","584":"t","585":"'","586":"]","587":")","588":";","589":"\\","590":"n","591":"\\","592":"n","593":"f","594":"u","595":"n","596":"c","597":"t","598":"i","599":"o","600":"n","601":" ","602":"h","603":"a","604":"n","605":"d","606":"l","607":"e","608":"C","609":"l","610":"i","611":"c","612":"k","613":"(","614":")","615":" ","616":"{","617":"\\","618":"n","619":" ","620":" ","621":" ","622":" ","623":"e","624":"m","625":"i","626":"t","627":"(","628":"'","629":"c","630":"u","631":"s","632":"t","633":"o","634":"m","635":"-","636":"e","637":"v","638":"e","639":"n","640":"t","641":"'","642":",","643":" ","644":"'","645":"H","646":"e","647":"l","648":"l","649":"o","650":" ","651":"f","652":"r","653":"o","654":"m","655":" ","656":"C","657":"h","658":"i","659":"l","660":"d","661":"C","662":"o","663":"m","664":"p","665":"o","666":"n","667":"e","668":"n","669":"t","670":"'","671":")","672":";","673":"\\","674":"n","675":"}","676":"\\","677":"n","678":"<","679":"/","680":"s","681":"c","682":"r","683":"i","684":"p","685":"t","686":">","687":"\\","688":"n","689":"<","690":"s","691":"t","692":"y","693":"l","694":"e","695":" ","696":"l","697":"a","698":"n","699":"g","700":"=","701":"\\","702":"\"","703":"\\","704":"\"","705":">","706":"\\","707":"n","708":"\\","709":"n","710":"<","711":"/","712":"s","713":"t","714":"y","715":"l","716":"e","717":">","718":"\"","719":"]","720":"}"},"_coverageSchema":"1a1c01bbd47fc00a2c39e90264f33305004495a9","hash":"6c35e1be32d8679eae0c3314ef57fe6d894c0ac8"}
,"/Users/Pirate/ben-git/vue-study/Vue-Testing/vue3-vite-js-vuxt-jest-vtu/src/components/RenderProp.vue": {"path":"/Users/Pirate/ben-git/vue-study/Vue-Testing/vue3-vite-js-vuxt-jest-vtu/src/components/RenderProp.vue","statementMap":{"0":{"start":{"line":10,"column":4},"end":{"line":10,"column":15}},"1":{"start":{"line":11,"column":18},"end":{"line":11,"column":24}},"2":{"start":{"line":12,"column":25},"end":{"line":15,"column":5}},"3":{"start":{"line":16,"column":4},"end":{"line":19,"column":7}},"4":{"start":{"line":20,"column":4},"end":{"line":20,"column":24}},"5":{"start":{"line":25,"column":0},"end":{"line":27,"column":3}},"6":{"start":{"line":28,"column":0},"end":{"line":28,"column":24}},"7":{"start":{"line":29,"column":11},"end":{"line":29,"column":25}},"8":{"start":{"line":31,"column":2},"end":{"line":31,"column":126}},"9":{"start":{"line":32,"column":2},"end":{"line":32,"column":49}}},"fnMap":{"0":{"name":"(anonymous_0)","decl":{"start":{"line":7,"column":2},"end":{"line":7,"column":3}},"loc":{"start":{"line":9,"column":5},"end":{"line":21,"column":3}},"line":9},"1":{"name":"render","decl":{"start":{"line":30,"column":9},"end":{"line":30,"column":15}},"loc":{"start":{"line":30,"column":63},"end":{"line":32,"column":1}},"line":30}},"branchMap":{},"s":{"0":0,"1":0,"2":0,"3":0,"4":0,"5":0,"6":0,"7":0,"8":0,"9":0},"f":{"0":0,"1":0},"b":{},"inputSourceMap":{"0":"{","1":"\"","2":"v","3":"e","4":"r","5":"s","6":"i","7":"o","8":"n","9":"\"","10":":","11":"3","12":",","13":"\"","14":"s","15":"o","16":"u","17":"r","18":"c","19":"e","20":"s","21":"\"","22":":","23":"[","24":"\"","25":"/","26":"U","27":"s","28":"e","29":"r","30":"s","31":"/","32":"P","33":"i","34":"r","35":"a","36":"t","37":"e","38":"/","39":"b","40":"e","41":"n","42":"-","43":"g","44":"i","45":"t","46":"/","47":"v","48":"u","49":"e","50":"-","51":"s","52":"t","53":"u","54":"d","55":"y","56":"/","57":"V","58":"u","59":"e","60":"-","61":"T","62":"e","63":"s","64":"t","65":"i","66":"n","67":"g","68":"/","69":"v","70":"u","71":"e","72":"3","73":"-","74":"v","75":"i","76":"t","77":"e","78":"-","79":"j","80":"s","81":"-","82":"v","83":"u","84":"x","85":"t","86":"-","87":"j","88":"e","89":"s","90":"t","91":"-","92":"v","93":"t","94":"u","95":"/","96":"s","97":"r","98":"c","99":"/","100":"c","101":"o","102":"m","103":"p","104":"o","105":"n","106":"e","107":"n","108":"t","109":"s","110":"/","111":"R","112":"e","113":"n","114":"d","115":"e","116":"r","117":"P","118":"r","119":"o","120":"p","121":".","122":"v","123":"u","124":"e","125":"\"","126":"]","127":",","128":"\"","129":"n","130":"a","131":"m","132":"e","133":"s","134":"\"","135":":","136":"[","137":"]","138":",","139":"\"","140":"m","141":"a","142":"p","143":"p","144":"i","145":"n","146":"g","147":"s","148":"\"","149":":","150":"\"","151":"A","152":"A","153":"C","154":"A","155":",","156":"S","157":"A","158":"A","159":"S","160":",","161":"G","162":"A","163":"A","164":"G","165":",","166":"Q","167":"A","168":"A","169":"Q","170":",","171":"K","172":"A","173":"A","174":"K","175":";","176":";","177":";","178":";","179":";","180":";","181":";","182":";","183":";","184":";","185":"I","186":"A","187":"M","188":"z","189":"B","190":",","191":"M","192":"A","193":"A","194":"M","195":",","196":"K","197":"A","198":"A","199":"K","200":",","201":"G","202":"A","203":"A","204":"G","205":",","206":"G","207":"A","208":"A","209":"G","210":",","211":"C","212":"A","213":"A","214":"C","215":",","216":"C","217":"A","218":"A","219":"C","220":",","221":"C","222":"A","223":"A","224":"C","225":"\"","226":",","227":"\"","228":"f","229":"i","230":"l","231":"e","232":"\"","233":":","234":"\"","235":"/","236":"U","237":"s","238":"e","239":"r","240":"s","241":"/","242":"P","243":"i","244":"r","245":"a","246":"t","247":"e","248":"/","249":"b","250":"e","251":"n","252":"-","253":"g","254":"i","255":"t","256":"/","257":"v","258":"u","259":"e","260":"-","261":"s","262":"t","263":"u","264":"d","265":"y","266":"/","267":"V","268":"u","269":"e","270":"-","271":"T","272":"e","273":"s","274":"t","275":"i","276":"n","277":"g","278":"/","279":"v","280":"u","281":"e","282":"3","283":"-","284":"v","285":"i","286":"t","287":"e","288":"-","289":"j","290":"s","291":"-","292":"v","293":"u","294":"x","295":"t","296":"-","297":"j","298":"e","299":"s","300":"t","301":"-","302":"v","303":"t","304":"u","305":"/","306":"s","307":"r","308":"c","309":"/","310":"c","311":"o","312":"m","313":"p","314":"o","315":"n","316":"e","317":"n","318":"t","319":"s","320":"/","321":"R","322":"e","323":"n","324":"d","325":"e","326":"r","327":"P","328":"r","329":"o","330":"p","331":".","332":"v","333":"u","334":"e","335":"\"","336":",","337":"\"","338":"s","339":"o","340":"u","341":"r","342":"c","343":"e","344":"s","345":"C","346":"o","347":"n","348":"t","349":"e","350":"n","351":"t","352":"\"","353":":","354":"[","355":"\"","356":"<","357":"s","358":"c","359":"r","360":"i","361":"p","362":"t","363":" ","364":"s","365":"e","366":"t","367":"u","368":"p","369":">","370":"\\","371":"n","372":"i","373":"m","374":"p","375":"o","376":"r","377":"t","378":" ","379":"{","380":" ","381":"r","382":"e","383":"f","384":" ","385":"}","386":" ","387":"f","388":"r","389":"o","390":"m","391":" ","392":"'","393":"v","394":"u","395":"e","396":"'","397":"\\","398":"n","399":"\\","400":"n","401":"d","402":"e","403":"f","404":"i","405":"n","406":"e","407":"P","408":"r","409":"o","410":"p","411":"s","412":"(","413":"{","414":"\\","415":"n","416":" ","417":" ","418":"m","419":"s","420":"g","421":":","422":" ","423":"S","424":"t","425":"r","426":"i","427":"n","428":"g","429":",","430":"\\","431":"n","432":"}","433":")","434":"\\","435":"n","436":"\\","437":"n","438":"c","439":"o","440":"n","441":"s","442":"t","443":" ","444":"c","445":"o","446":"u","447":"n","448":"t","449":" ","450":"=","451":" ","452":"r","453":"e","454":"f","455":"(","456":"0","457":")","458":"\\","459":"n","460":"<","461":"/","462":"s","463":"c","464":"r","465":"i","466":"p","467":"t","468":">","469":"\\","470":"n","471":"\\","472":"n","473":"<","474":"t","475":"e","476":"m","477":"p","478":"l","479":"a","480":"t","481":"e","482":">","483":"\\","484":"n","485":" ","486":" ","487":"<","488":"h","489":"1","490":">","491":"{","492":"{","493":" ","494":"m","495":"s","496":"g","497":" ","498":"}","499":"}","500":"<","501":"/","502":"h","503":"1","504":">","505":"\\","506":"n","507":"\\","508":"n","509":"\\","510":"n","511":"<","512":"/","513":"t","514":"e","515":"m","516":"p","517":"l","518":"a","519":"t","520":"e","521":">","522":"\\","523":"n","524":"\\","525":"n","526":"<","527":"s","528":"t","529":"y","530":"l","531":"e","532":" ","533":"s","534":"c","535":"o","536":"p","537":"e","538":"d","539":">","540":"\\","541":"n","542":".","543":"r","544":"e","545":"a","546":"d","547":"-","548":"t","549":"h","550":"e","551":"-","552":"d","553":"o","554":"c","555":"s","556":" ","557":"{","558":"\\","559":"n","560":" ","561":" ","562":"c","563":"o","564":"l","565":"o","566":"r","567":":","568":" ","569":"#","570":"8","571":"8","572":"8","573":";","574":"\\","575":"n","576":"}","577":"\\","578":"n","579":"<","580":"/","581":"s","582":"t","583":"y","584":"l","585":"e","586":">","587":"\\","588":"n","589":"\"","590":"]","591":"}"}}
}
