TN:
SF:src/App.vue
FN:4,(anonymous_0)
FN:26,_interopRequireDefault
FN:27,render
FNF:3
FNH:0
FNDA:0,(anonymous_0)
FNDA:0,_interopRequireDefault
FNDA:0,render
DA:7,0
DA:8,0
DA:11,0
DA:15,0
DA:20,0
DA:23,0
DA:24,0
DA:25,0
DA:26,0
DA:28,0
DA:45,0
LF:11
LH:0
BRDA:26,0,0,0
BRDA:26,0,1,0
BRDA:26,1,0,0
BRDA:26,1,1,0
BRDA:28,2,0,0
BRDA:28,2,1,0
BRF:6
BRH:0
end_of_record
TN:
SF:src/components/HelloWorld.vue
FN:53,render
FN:56,(anonymous_1)
FNF:2
FNH:1
FNDA:1,render
FNDA:0,(anonymous_1)
DA:4,1
DA:7,1
DA:45,1
DA:48,1
DA:49,1
DA:50,1
DA:54,1
DA:57,0
DA:68,1
LF:9
LH:8
BRDA:56,0,0,1
BRDA:56,0,1,1
BRDA:59,1,0,1
BRDA:59,1,1,1
BRDA:59,2,0,1
BRDA:59,2,1,1
BRDA:62,3,0,1
BRDA:62,3,1,1
BRDA:65,4,0,1
BRDA:65,4,1,1
BRF:10
BRH:10
end_of_record
