TN:
SF:src/App.vue
FN:4,(anonymous_0)
FN:25,render
FNF:2
FNH:0
FNDA:0,(anonymous_0)
FNDA:0,render
DA:7,0
DA:8,0
DA:11,0
DA:15,0
DA:20,0
DA:23,0
DA:24,0
DA:26,0
DA:29,0
LF:9
LH:0
BRF:0
BRH:0
end_of_record
TN:
SF:src/components/EmitDemo.vue
FN:11,(anonymous_0)
FN:19,handleClick
FN:40,render
FNF:3
FNH:3
FNDA:1,(anonymous_0)
FNDA:1,handleClick
FNDA:1,render
DA:4,1
DA:7,1
DA:8,1
DA:15,1
DA:18,1
DA:20,1
DA:22,1
DA:26,1
DA:30,1
DA:35,1
DA:38,1
DA:39,1
DA:41,1
DA:44,1
LF:14
LH:14
BRF:0
BRH:0
end_of_record
TN:
SF:src/components/RenderProp.vue
FN:7,(anonymous_0)
FN:30,render
FNF:2
FNH:0
FNDA:0,(anonymous_0)
FNDA:0,render
DA:10,0
DA:11,0
DA:12,0
DA:16,0
DA:20,0
DA:25,0
DA:28,0
DA:29,0
DA:31,0
DA:32,0
LF:10
LH:0
BRF:0
BRH:0
end_of_record
